<?xml version="1.0" encoding="UTF-8"?>
<!-- Generated by org.testng.reporters.JUnitReportReporter -->
<testsuite hostname="prasanna" failures="0" tests="1" name="com.bussiness.testclass" time="5.563" errors="0" timestamp="2023-10-10T14:26:40 IST" skipped="0">
  <testcase classname="com.bussiness.testclass" name="sendkey" time="5.563"/>
  <system-out/>
</testsuite> <!-- com.bussiness.testclass -->
