<?xml version="1.0" encoding="UTF-8"?>
<!-- Generated by org.testng.reporters.JUnitReportReporter -->
<testsuite hostname="prasanna" failures="0" tests="1" name="com.bussiness.gmail" time="6.007" errors="0" timestamp="2023-10-10T14:27:22 IST" skipped="0">
  <testcase classname="com.bussiness.gmail" name="gmailtest" time="6.007"/>
  <system-out/>
</testsuite> <!-- com.bussiness.gmail -->
